{"C:\\Users\\SmartSoft\\Desktop\\U\\enfasis-devops\\payers-docker\\src\\app.ts": {"path":"C:\\Users\\SmartSoft\\Desktop\\U\\enfasis-devops\\payers-docker\\src\\app.ts","statementMap":{"0":{"start":{"line":1,"column":0},"end":{"line":1,"column":30}},"1":{"start":{"line":2,"column":0},"end":{"line":2,"column":28}},"2":{"start":{"line":3,"column":0},"end":{"line":3,"column":24}},"3":{"start":{"line":4,"column":0},"end":{"line":4,"column":47}},"4":{"start":{"line":5,"column":0},"end":{"line":5,"column":56}},"5":{"start":{"line":7,"column":12},"end":{"line":7,"column":21}},"6":{"start":{"line":9,"column":0},"end":{"line":9,"column":16}},"7":{"start":{"line":11,"column":0},"end":{"line":11,"column":23}},"8":{"start":{"line":12,"column":0},"end":{"line":12,"column":24}},"9":{"start":{"line":14,"column":0},"end":{"line":14,"column":null}},"10":{"start":{"line":15,"column":0},"end":{"line":15,"column":null}},"11":{"start":{"line":17,"column":0},"end":{"line":17,"column":19}}},"fnMap":{},"branchMap":{},"s":{"0":1,"1":1,"2":1,"3":1,"4":1,"5":1,"6":1,"7":1,"8":1,"9":1,"10":1,"11":1},"f":{},"b":{}}
,"C:\\Users\\SmartSoft\\Desktop\\U\\enfasis-devops\\payers-docker\\src\\controllers\\payer-type.controller.ts": {"path":"C:\\Users\\SmartSoft\\Desktop\\U\\enfasis-devops\\payers-docker\\src\\controllers\\payer-type.controller.ts","statementMap":{"0":{"start":{"line":2,"column":0},"end":{"line":2,"column":54}},"1":{"start":{"line":4,"column":31},"end":{"line":27,"column":null}},"2":{"start":{"line":4,"column":69},"end":{"line":27,"column":null}},"3":{"start":{"line":5,"column":4},"end":{"line":26,"column":null}},"4":{"start":{"line":6,"column":26},"end":{"line":6,"column":39}},"5":{"start":{"line":7,"column":8},"end":{"line":7,"column":39}},"6":{"start":{"line":8,"column":8},"end":{"line":8,"column":39}},"7":{"start":{"line":10,"column":8},"end":{"line":15,"column":null}},"8":{"start":{"line":14,"column":12},"end":{"line":14,"column":68}},"9":{"start":{"line":17,"column":8},"end":{"line":17,"column":31}},"10":{"start":{"line":19,"column":8},"end":{"line":19,"column":47}},"11":{"start":{"line":22,"column":8},"end":{"line":25,"column":null}},"12":{"start":{"line":24,"column":12},"end":{"line":24,"column":null}},"13":{"start":{"line":4,"column":13},"end":{"line":4,"column":31}},"14":{"start":{"line":29,"column":31},"end":{"line":39,"column":null}},"15":{"start":{"line":29,"column":69},"end":{"line":39,"column":null}},"16":{"start":{"line":30,"column":4},"end":{"line":38,"column":null}},"17":{"start":{"line":31,"column":27},"end":{"line":31,"column":49}},"18":{"start":{"line":32,"column":8},"end":{"line":32,"column":36}},"19":{"start":{"line":35,"column":8},"end":{"line":37,"column":null}},"20":{"start":{"line":36,"column":12},"end":{"line":36,"column":68}},"21":{"start":{"line":29,"column":13},"end":{"line":29,"column":31}},"22":{"start":{"line":41,"column":31},"end":{"line":59,"column":null}},"23":{"start":{"line":41,"column":69},"end":{"line":59,"column":null}},"24":{"start":{"line":42,"column":4},"end":{"line":58,"column":null}},"25":{"start":{"line":43,"column":23},"end":{"line":43,"column":33}},"26":{"start":{"line":45,"column":26},"end":{"line":45,"column":73}},"27":{"start":{"line":47,"column":8},"end":{"line":49,"column":null}},"28":{"start":{"line":48,"column":12},"end":{"line":48,"column":82}},"29":{"start":{"line":50,"column":8},"end":{"line":50,"column":63}},"30":{"start":{"line":52,"column":8},"end":{"line":52,"column":35}},"31":{"start":{"line":55,"column":8},"end":{"line":57,"column":null}},"32":{"start":{"line":56,"column":12},"end":{"line":56,"column":68}},"33":{"start":{"line":41,"column":13},"end":{"line":41,"column":31}},"34":{"start":{"line":61,"column":32},"end":{"line":78,"column":null}},"35":{"start":{"line":61,"column":70},"end":{"line":78,"column":null}},"36":{"start":{"line":62,"column":4},"end":{"line":77,"column":null}},"37":{"start":{"line":63,"column":23},"end":{"line":63,"column":33}},"38":{"start":{"line":65,"column":26},"end":{"line":65,"column":73}},"39":{"start":{"line":67,"column":8},"end":{"line":69,"column":null}},"40":{"start":{"line":68,"column":12},"end":{"line":68,"column":94}},"41":{"start":{"line":71,"column":8},"end":{"line":71,"column":25}},"42":{"start":{"line":74,"column":8},"end":{"line":76,"column":null}},"43":{"start":{"line":75,"column":12},"end":{"line":75,"column":68}},"44":{"start":{"line":61,"column":13},"end":{"line":61,"column":32}},"45":{"start":{"line":80,"column":31},"end":{"line":96,"column":null}},"46":{"start":{"line":80,"column":69},"end":{"line":96,"column":null}},"47":{"start":{"line":81,"column":4},"end":{"line":95,"column":null}},"48":{"start":{"line":82,"column":23},"end":{"line":82,"column":33}},"49":{"start":{"line":83,"column":23},"end":{"line":83,"column":67}},"50":{"start":{"line":85,"column":8},"end":{"line":87,"column":null}},"51":{"start":{"line":86,"column":12},"end":{"line":86,"column":76}},"52":{"start":{"line":89,"column":8},"end":{"line":89,"column":35}},"53":{"start":{"line":92,"column":8},"end":{"line":94,"column":null}},"54":{"start":{"line":93,"column":12},"end":{"line":93,"column":68}},"55":{"start":{"line":80,"column":13},"end":{"line":80,"column":31}}},"fnMap":{"0":{"name":"(anonymous_7)","decl":{"start":{"line":4,"column":31},"end":{"line":4,"column":38}},"loc":{"start":{"line":4,"column":69},"end":{"line":27,"column":null}}},"1":{"name":"(anonymous_8)","decl":{"start":{"line":4,"column":69},"end":{"line":4,"column":null}},"loc":{"start":{"line":4,"column":69},"end":{"line":27,"column":1}}},"2":{"name":"(anonymous_9)","decl":{"start":{"line":29,"column":31},"end":{"line":29,"column":38}},"loc":{"start":{"line":29,"column":69},"end":{"line":39,"column":null}}},"3":{"name":"(anonymous_10)","decl":{"start":{"line":29,"column":69},"end":{"line":29,"column":null}},"loc":{"start":{"line":29,"column":69},"end":{"line":39,"column":1}}},"4":{"name":"(anonymous_11)","decl":{"start":{"line":41,"column":31},"end":{"line":41,"column":38}},"loc":{"start":{"line":41,"column":69},"end":{"line":59,"column":null}}},"5":{"name":"(anonymous_12)","decl":{"start":{"line":41,"column":69},"end":{"line":41,"column":null}},"loc":{"start":{"line":41,"column":69},"end":{"line":59,"column":1}}},"6":{"name":"(anonymous_13)","decl":{"start":{"line":61,"column":32},"end":{"line":61,"column":39}},"loc":{"start":{"line":61,"column":70},"end":{"line":78,"column":null}}},"7":{"name":"(anonymous_14)","decl":{"start":{"line":61,"column":70},"end":{"line":61,"column":null}},"loc":{"start":{"line":61,"column":70},"end":{"line":78,"column":1}}},"8":{"name":"(anonymous_15)","decl":{"start":{"line":80,"column":31},"end":{"line":80,"column":38}},"loc":{"start":{"line":80,"column":69},"end":{"line":96,"column":null}}},"9":{"name":"(anonymous_16)","decl":{"start":{"line":80,"column":69},"end":{"line":80,"column":null}},"loc":{"start":{"line":80,"column":69},"end":{"line":96,"column":1}}}},"branchMap":{"0":{"loc":{"start":{"line":10,"column":8},"end":{"line":15,"column":null}},"type":"if","locations":[{"start":{"line":10,"column":8},"end":{"line":15,"column":null}}]},"1":{"loc":{"start":{"line":11,"column":12},"end":{"line":12,"column":27}},"type":"binary-expr","locations":[{"start":{"line":11,"column":12},"end":{"line":11,"column":27}},{"start":{"line":12,"column":12},"end":{"line":12,"column":27}}]},"2":{"loc":{"start":{"line":22,"column":8},"end":{"line":25,"column":null}},"type":"if","locations":[{"start":{"line":22,"column":8},"end":{"line":25,"column":null}}]},"3":{"loc":{"start":{"line":35,"column":8},"end":{"line":37,"column":null}},"type":"if","locations":[{"start":{"line":35,"column":8},"end":{"line":37,"column":null}}]},"4":{"loc":{"start":{"line":47,"column":8},"end":{"line":49,"column":null}},"type":"if","locations":[{"start":{"line":47,"column":8},"end":{"line":49,"column":null}}]},"5":{"loc":{"start":{"line":55,"column":8},"end":{"line":57,"column":null}},"type":"if","locations":[{"start":{"line":55,"column":8},"end":{"line":57,"column":null}}]},"6":{"loc":{"start":{"line":67,"column":8},"end":{"line":69,"column":null}},"type":"if","locations":[{"start":{"line":67,"column":8},"end":{"line":69,"column":null}}]},"7":{"loc":{"start":{"line":74,"column":8},"end":{"line":76,"column":null}},"type":"if","locations":[{"start":{"line":74,"column":8},"end":{"line":76,"column":null}}]},"8":{"loc":{"start":{"line":85,"column":8},"end":{"line":87,"column":null}},"type":"if","locations":[{"start":{"line":85,"column":8},"end":{"line":87,"column":null}}]},"9":{"loc":{"start":{"line":92,"column":8},"end":{"line":94,"column":null}},"type":"if","locations":[{"start":{"line":92,"column":8},"end":{"line":94,"column":null}}]}},"s":{"0":1,"1":1,"2":0,"3":0,"4":0,"5":0,"6":0,"7":0,"8":0,"9":0,"10":0,"11":0,"12":0,"13":1,"14":1,"15":0,"16":0,"17":0,"18":0,"19":0,"20":0,"21":1,"22":1,"23":0,"24":0,"25":0,"26":0,"27":0,"28":0,"29":0,"30":0,"31":0,"32":0,"33":1,"34":1,"35":1,"36":1,"37":1,"38":1,"39":0,"40":0,"41":0,"42":1,"43":1,"44":1,"45":1,"46":1,"47":1,"48":1,"49":1,"50":0,"51":0,"52":0,"53":1,"54":1,"55":1},"f":{"0":0,"1":0,"2":0,"3":0,"4":0,"5":0,"6":1,"7":1,"8":1,"9":1},"b":{"0":[0],"1":[0,0],"2":[0],"3":[0],"4":[0],"5":[0],"6":[0],"7":[1],"8":[0],"9":[1]}}
,"C:\\Users\\SmartSoft\\Desktop\\U\\enfasis-devops\\payers-docker\\src\\controllers\\payer.controller.ts": {"path":"C:\\Users\\SmartSoft\\Desktop\\U\\enfasis-devops\\payers-docker\\src\\controllers\\payer.controller.ts","statementMap":{"0":{"start":{"line":2,"column":0},"end":{"line":2,"column":45}},"1":{"start":{"line":3,"column":0},"end":{"line":3,"column":55}},"2":{"start":{"line":5,"column":27},"end":{"line":41,"column":null}},"3":{"start":{"line":5,"column":65},"end":{"line":41,"column":null}},"4":{"start":{"line":6,"column":4},"end":{"line":40,"column":null}},"5":{"start":{"line":7,"column":22},"end":{"line":7,"column":31}},"6":{"start":{"line":8,"column":8},"end":{"line":8,"column":35}},"7":{"start":{"line":9,"column":8},"end":{"line":9,"column":35}},"8":{"start":{"line":10,"column":8},"end":{"line":10,"column":37}},"9":{"start":{"line":11,"column":8},"end":{"line":11,"column":37}},"10":{"start":{"line":13,"column":8},"end":{"line":20,"column":null}},"11":{"start":{"line":19,"column":12},"end":{"line":19,"column":64}},"12":{"start":{"line":22,"column":28},"end":{"line":22,"column":48}},"13":{"start":{"line":24,"column":8},"end":{"line":30,"column":null}},"14":{"start":{"line":25,"column":30},"end":{"line":25,"column":74}},"15":{"start":{"line":26,"column":12},"end":{"line":28,"column":null}},"16":{"start":{"line":27,"column":16},"end":{"line":27,"column":55}},"17":{"start":{"line":29,"column":12},"end":{"line":29,"column":40}},"18":{"start":{"line":32,"column":8},"end":{"line":32,"column":27}},"19":{"start":{"line":34,"column":8},"end":{"line":34,"column":43}},"20":{"start":{"line":37,"column":8},"end":{"line":39,"column":null}},"21":{"start":{"line":38,"column":12},"end":{"line":38,"column":68}},"22":{"start":{"line":5,"column":13},"end":{"line":5,"column":27}},"23":{"start":{"line":43,"column":28},"end":{"line":53,"column":null}},"24":{"start":{"line":43,"column":66},"end":{"line":53,"column":null}},"25":{"start":{"line":44,"column":4},"end":{"line":52,"column":null}},"26":{"start":{"line":45,"column":23},"end":{"line":45,"column":41}},"27":{"start":{"line":46,"column":8},"end":{"line":46,"column":32}},"28":{"start":{"line":49,"column":8},"end":{"line":51,"column":null}},"29":{"start":{"line":50,"column":12},"end":{"line":50,"column":68}},"30":{"start":{"line":43,"column":13},"end":{"line":43,"column":28}},"31":{"start":{"line":55,"column":27},"end":{"line":73,"column":null}},"32":{"start":{"line":55,"column":65},"end":{"line":73,"column":null}},"33":{"start":{"line":56,"column":4},"end":{"line":72,"column":null}},"34":{"start":{"line":57,"column":23},"end":{"line":57,"column":33}},"35":{"start":{"line":59,"column":22},"end":{"line":59,"column":65}},"36":{"start":{"line":61,"column":8},"end":{"line":63,"column":null}},"37":{"start":{"line":62,"column":12},"end":{"line":62,"column":78}},"38":{"start":{"line":64,"column":8},"end":{"line":64,"column":59}},"39":{"start":{"line":66,"column":8},"end":{"line":66,"column":35}},"40":{"start":{"line":69,"column":8},"end":{"line":71,"column":null}},"41":{"start":{"line":70,"column":12},"end":{"line":70,"column":68}},"42":{"start":{"line":55,"column":13},"end":{"line":55,"column":27}},"43":{"start":{"line":75,"column":28},"end":{"line":92,"column":null}},"44":{"start":{"line":75,"column":66},"end":{"line":92,"column":null}},"45":{"start":{"line":76,"column":4},"end":{"line":91,"column":null}},"46":{"start":{"line":77,"column":23},"end":{"line":77,"column":33}},"47":{"start":{"line":79,"column":22},"end":{"line":79,"column":65}},"48":{"start":{"line":81,"column":8},"end":{"line":83,"column":null}},"49":{"start":{"line":82,"column":12},"end":{"line":82,"column":90}},"50":{"start":{"line":85,"column":8},"end":{"line":85,"column":21}},"51":{"start":{"line":88,"column":8},"end":{"line":90,"column":null}},"52":{"start":{"line":89,"column":12},"end":{"line":89,"column":68}},"53":{"start":{"line":75,"column":13},"end":{"line":75,"column":28}},"54":{"start":{"line":94,"column":27},"end":{"line":110,"column":null}},"55":{"start":{"line":94,"column":65},"end":{"line":110,"column":null}},"56":{"start":{"line":95,"column":4},"end":{"line":109,"column":null}},"57":{"start":{"line":96,"column":23},"end":{"line":96,"column":33}},"58":{"start":{"line":97,"column":23},"end":{"line":97,"column":63}},"59":{"start":{"line":99,"column":8},"end":{"line":101,"column":null}},"60":{"start":{"line":100,"column":12},"end":{"line":100,"column":72}},"61":{"start":{"line":103,"column":8},"end":{"line":103,"column":35}},"62":{"start":{"line":106,"column":8},"end":{"line":108,"column":null}},"63":{"start":{"line":107,"column":12},"end":{"line":107,"column":68}},"64":{"start":{"line":94,"column":13},"end":{"line":94,"column":27}}},"fnMap":{"0":{"name":"(anonymous_7)","decl":{"start":{"line":5,"column":27},"end":{"line":5,"column":34}},"loc":{"start":{"line":5,"column":65},"end":{"line":41,"column":null}}},"1":{"name":"(anonymous_8)","decl":{"start":{"line":5,"column":65},"end":{"line":5,"column":null}},"loc":{"start":{"line":5,"column":65},"end":{"line":41,"column":1}}},"2":{"name":"(anonymous_9)","decl":{"start":{"line":43,"column":28},"end":{"line":43,"column":35}},"loc":{"start":{"line":43,"column":66},"end":{"line":53,"column":null}}},"3":{"name":"(anonymous_10)","decl":{"start":{"line":43,"column":66},"end":{"line":43,"column":null}},"loc":{"start":{"line":43,"column":66},"end":{"line":53,"column":1}}},"4":{"name":"(anonymous_11)","decl":{"start":{"line":55,"column":27},"end":{"line":55,"column":34}},"loc":{"start":{"line":55,"column":65},"end":{"line":73,"column":null}}},"5":{"name":"(anonymous_12)","decl":{"start":{"line":55,"column":65},"end":{"line":55,"column":null}},"loc":{"start":{"line":55,"column":65},"end":{"line":73,"column":1}}},"6":{"name":"(anonymous_13)","decl":{"start":{"line":75,"column":28},"end":{"line":75,"column":35}},"loc":{"start":{"line":75,"column":66},"end":{"line":92,"column":null}}},"7":{"name":"(anonymous_14)","decl":{"start":{"line":75,"column":66},"end":{"line":75,"column":null}},"loc":{"start":{"line":75,"column":66},"end":{"line":92,"column":1}}},"8":{"name":"(anonymous_15)","decl":{"start":{"line":94,"column":27},"end":{"line":94,"column":34}},"loc":{"start":{"line":94,"column":65},"end":{"line":110,"column":null}}},"9":{"name":"(anonymous_16)","decl":{"start":{"line":94,"column":65},"end":{"line":94,"column":null}},"loc":{"start":{"line":94,"column":65},"end":{"line":110,"column":1}}}},"branchMap":{"0":{"loc":{"start":{"line":13,"column":8},"end":{"line":20,"column":null}},"type":"if","locations":[{"start":{"line":13,"column":8},"end":{"line":20,"column":null}}]},"1":{"loc":{"start":{"line":14,"column":12},"end":{"line":17,"column":24}},"type":"binary-expr","locations":[{"start":{"line":14,"column":12},"end":{"line":14,"column":23}},{"start":{"line":15,"column":12},"end":{"line":15,"column":23}},{"start":{"line":16,"column":12},"end":{"line":16,"column":24}},{"start":{"line":17,"column":12},"end":{"line":17,"column":24}}]},"2":{"loc":{"start":{"line":24,"column":8},"end":{"line":30,"column":null}},"type":"if","locations":[{"start":{"line":24,"column":8},"end":{"line":30,"column":null}}]},"3":{"loc":{"start":{"line":26,"column":12},"end":{"line":28,"column":null}},"type":"if","locations":[{"start":{"line":26,"column":12},"end":{"line":28,"column":null}}]},"4":{"loc":{"start":{"line":37,"column":8},"end":{"line":39,"column":null}},"type":"if","locations":[{"start":{"line":37,"column":8},"end":{"line":39,"column":null}}]},"5":{"loc":{"start":{"line":49,"column":8},"end":{"line":51,"column":null}},"type":"if","locations":[{"start":{"line":49,"column":8},"end":{"line":51,"column":null}}]},"6":{"loc":{"start":{"line":61,"column":8},"end":{"line":63,"column":null}},"type":"if","locations":[{"start":{"line":61,"column":8},"end":{"line":63,"column":null}}]},"7":{"loc":{"start":{"line":69,"column":8},"end":{"line":71,"column":null}},"type":"if","locations":[{"start":{"line":69,"column":8},"end":{"line":71,"column":null}}]},"8":{"loc":{"start":{"line":81,"column":8},"end":{"line":83,"column":null}},"type":"if","locations":[{"start":{"line":81,"column":8},"end":{"line":83,"column":null}}]},"9":{"loc":{"start":{"line":88,"column":8},"end":{"line":90,"column":null}},"type":"if","locations":[{"start":{"line":88,"column":8},"end":{"line":90,"column":null}}]},"10":{"loc":{"start":{"line":99,"column":8},"end":{"line":101,"column":null}},"type":"if","locations":[{"start":{"line":99,"column":8},"end":{"line":101,"column":null}}]},"11":{"loc":{"start":{"line":106,"column":8},"end":{"line":108,"column":null}},"type":"if","locations":[{"start":{"line":106,"column":8},"end":{"line":108,"column":null}}]}},"s":{"0":1,"1":1,"2":1,"3":0,"4":0,"5":0,"6":0,"7":0,"8":0,"9":0,"10":0,"11":0,"12":0,"13":0,"14":0,"15":0,"16":0,"17":0,"18":0,"19":0,"20":0,"21":0,"22":1,"23":1,"24":0,"25":0,"26":0,"27":0,"28":0,"29":0,"30":1,"31":1,"32":0,"33":0,"34":0,"35":0,"36":0,"37":0,"38":0,"39":0,"40":0,"41":0,"42":1,"43":1,"44":0,"45":0,"46":0,"47":0,"48":0,"49":0,"50":0,"51":0,"52":0,"53":1,"54":1,"55":0,"56":0,"57":0,"58":0,"59":0,"60":0,"61":0,"62":0,"63":0,"64":1},"f":{"0":0,"1":0,"2":0,"3":0,"4":0,"5":0,"6":0,"7":0,"8":0,"9":0},"b":{"0":[0],"1":[0,0,0,0],"2":[0],"3":[0],"4":[0],"5":[0],"6":[0],"7":[0],"8":[0],"9":[0],"10":[0],"11":[0]}}
,"C:\\Users\\SmartSoft\\Desktop\\U\\enfasis-devops\\payers-docker\\src\\models\\payer-type.model.ts": {"path":"C:\\Users\\SmartSoft\\Desktop\\U\\enfasis-devops\\payers-docker\\src\\models\\payer-type.model.ts","statementMap":{"0":{"start":{"line":1,"column":0},"end":{"line":1,"column":null}},"1":{"start":{"line":8,"column":0},"end":{"line":8,"column":38}},"2":{"start":{"line":11,"column":0},"end":{"line":30,"column":null}},"3":{"start":{"line":14,"column":4},"end":{"line":14,"column":null}},"4":{"start":{"line":17,"column":4},"end":{"line":17,"column":null}},"5":{"start":{"line":20,"column":4},"end":{"line":20,"column":null}},"6":{"start":{"line":25,"column":4},"end":{"line":25,"column":null}},"7":{"start":{"line":28,"column":4},"end":{"line":28,"column":null}},"8":{"start":{"line":27,"column":19},"end":{"line":27,"column":24}},"9":{"start":{"line":27,"column":35},"end":{"line":27,"column":50}},"10":{"start":{"line":11,"column":13},"end":{"line":30,"column":null}},"11":{"start":{"line":11,"column":13},"end":{"line":11,"column":22}}},"fnMap":{"0":{"name":"(anonymous_2)","decl":{"start":{"line":27,"column":15},"end":{"line":27,"column":17}},"loc":{"start":{"line":27,"column":19},"end":{"line":27,"column":24}}},"1":{"name":"(anonymous_3)","decl":{"start":{"line":27,"column":26},"end":{"line":27,"column":31}},"loc":{"start":{"line":27,"column":35},"end":{"line":27,"column":50}}}},"branchMap":{},"s":{"0":1,"1":1,"2":1,"3":1,"4":1,"5":1,"6":1,"7":1,"8":0,"9":0,"10":1,"11":1},"f":{"0":0,"1":0},"b":{}}
,"C:\\Users\\SmartSoft\\Desktop\\U\\enfasis-devops\\payers-docker\\src\\models\\payer.model.ts": {"path":"C:\\Users\\SmartSoft\\Desktop\\U\\enfasis-devops\\payers-docker\\src\\models\\payer.model.ts","statementMap":{"0":{"start":{"line":1,"column":0},"end":{"line":1,"column":null}},"1":{"start":{"line":8,"column":0},"end":{"line":8,"column":47}},"2":{"start":{"line":11,"column":0},"end":{"line":36,"column":null}},"3":{"start":{"line":14,"column":4},"end":{"line":14,"column":null}},"4":{"start":{"line":17,"column":4},"end":{"line":17,"column":null}},"5":{"start":{"line":20,"column":4},"end":{"line":20,"column":null}},"6":{"start":{"line":23,"column":4},"end":{"line":23,"column":null}},"7":{"start":{"line":26,"column":4},"end":{"line":26,"column":null}},"8":{"start":{"line":31,"column":4},"end":{"line":31,"column":null}},"9":{"start":{"line":34,"column":4},"end":{"line":34,"column":null}},"10":{"start":{"line":33,"column":19},"end":{"line":33,"column":28}},"11":{"start":{"line":33,"column":43},"end":{"line":33,"column":58}},"12":{"start":{"line":11,"column":13},"end":{"line":36,"column":null}},"13":{"start":{"line":11,"column":13},"end":{"line":11,"column":18}}},"fnMap":{"0":{"name":"(anonymous_2)","decl":{"start":{"line":33,"column":15},"end":{"line":33,"column":17}},"loc":{"start":{"line":33,"column":19},"end":{"line":33,"column":28}}},"1":{"name":"(anonymous_3)","decl":{"start":{"line":33,"column":30},"end":{"line":33,"column":39}},"loc":{"start":{"line":33,"column":43},"end":{"line":33,"column":58}}}},"branchMap":{},"s":{"0":1,"1":1,"2":1,"3":1,"4":1,"5":1,"6":1,"7":1,"8":1,"9":1,"10":0,"11":0,"12":1,"13":1},"f":{"0":0,"1":0},"b":{}}
,"C:\\Users\\SmartSoft\\Desktop\\U\\enfasis-devops\\payers-docker\\src\\routes\\payer-type.route.ts": {"path":"C:\\Users\\SmartSoft\\Desktop\\U\\enfasis-devops\\payers-docker\\src\\routes\\payer-type.route.ts","statementMap":{"0":{"start":{"line":1,"column":0},"end":{"line":1,"column":33}},"1":{"start":{"line":2,"column":0},"end":{"line":2,"column":null}},"2":{"start":{"line":10,"column":24},"end":{"line":10,"column":32}},"3":{"start":{"line":12,"column":0},"end":{"line":12,"column":53}},"4":{"start":{"line":13,"column":0},"end":{"line":13,"column":52}},"5":{"start":{"line":14,"column":0},"end":{"line":14,"column":57}},"6":{"start":{"line":15,"column":0},"end":{"line":15,"column":58}},"7":{"start":{"line":16,"column":0},"end":{"line":16,"column":59}},"8":{"start":{"line":18,"column":0},"end":{"line":18,"column":31}}},"fnMap":{},"branchMap":{},"s":{"0":1,"1":1,"2":1,"3":1,"4":1,"5":1,"6":1,"7":1,"8":1},"f":{},"b":{}}
,"C:\\Users\\SmartSoft\\Desktop\\U\\enfasis-devops\\payers-docker\\src\\routes\\payer.route.ts": {"path":"C:\\Users\\SmartSoft\\Desktop\\U\\enfasis-devops\\payers-docker\\src\\routes\\payer.route.ts","statementMap":{"0":{"start":{"line":1,"column":0},"end":{"line":1,"column":33}},"1":{"start":{"line":2,"column":0},"end":{"line":2,"column":null}},"2":{"start":{"line":10,"column":20},"end":{"line":10,"column":28}},"3":{"start":{"line":12,"column":0},"end":{"line":12,"column":41}},"4":{"start":{"line":13,"column":0},"end":{"line":13,"column":41}},"5":{"start":{"line":14,"column":0},"end":{"line":14,"column":45}},"6":{"start":{"line":15,"column":0},"end":{"line":15,"column":46}},"7":{"start":{"line":16,"column":0},"end":{"line":16,"column":47}},"8":{"start":{"line":18,"column":0},"end":{"line":18,"column":27}}},"fnMap":{},"branchMap":{},"s":{"0":1,"1":1,"2":1,"3":1,"4":1,"5":1,"6":1,"7":1,"8":1},"f":{},"b":{}}
}
