TN:
SF:src\app.ts
FNF:0
FNH:0
DA:1,1
DA:2,1
DA:3,1
DA:4,1
DA:5,1
DA:7,1
DA:9,1
DA:11,1
DA:12,1
DA:14,1
DA:15,1
DA:17,1
LF:12
LH:12
BRF:0
BRH:0
end_of_record
TN:
SF:src\controllers\payer-type.controller.ts
FN:4,(anonymous_7)
FN:4,(anonymous_8)
FN:29,(anonymous_9)
FN:29,(anonymous_10)
FN:41,(anonymous_11)
FN:41,(anonymous_12)
FN:61,(anonymous_13)
FN:61,(anonymous_14)
FN:80,(anonymous_15)
FN:80,(anonymous_16)
FNF:10
FNH:4
FNDA:0,(anonymous_7)
FNDA:0,(anonymous_8)
FNDA:0,(anonymous_9)
FNDA:0,(anonymous_10)
FNDA:0,(anonymous_11)
FNDA:0,(anonymous_12)
FNDA:1,(anonymous_13)
FNDA:1,(anonymous_14)
FNDA:1,(anonymous_15)
FNDA:1,(anonymous_16)
DA:2,1
DA:4,1
DA:5,0
DA:6,0
DA:7,0
DA:8,0
DA:10,0
DA:14,0
DA:17,0
DA:19,0
DA:22,0
DA:24,0
DA:29,1
DA:30,0
DA:31,0
DA:32,0
DA:35,0
DA:36,0
DA:41,1
DA:42,0
DA:43,0
DA:45,0
DA:47,0
DA:48,0
DA:50,0
DA:52,0
DA:55,0
DA:56,0
DA:61,1
DA:62,1
DA:63,1
DA:65,1
DA:67,0
DA:68,0
DA:71,0
DA:74,1
DA:75,1
DA:80,1
DA:81,1
DA:82,1
DA:83,1
DA:85,0
DA:86,0
DA:89,0
DA:92,1
DA:93,1
LF:46
LH:16
BRDA:10,0,0,0
BRDA:11,1,0,0
BRDA:11,1,1,0
BRDA:22,2,0,0
BRDA:35,3,0,0
BRDA:47,4,0,0
BRDA:55,5,0,0
BRDA:67,6,0,0
BRDA:74,7,0,1
BRDA:85,8,0,0
BRDA:92,9,0,1
BRF:11
BRH:2
end_of_record
TN:
SF:src\controllers\payer.controller.ts
FN:5,(anonymous_7)
FN:5,(anonymous_8)
FN:43,(anonymous_9)
FN:43,(anonymous_10)
FN:55,(anonymous_11)
FN:55,(anonymous_12)
FN:75,(anonymous_13)
FN:75,(anonymous_14)
FN:94,(anonymous_15)
FN:94,(anonymous_16)
FNF:10
FNH:0
FNDA:0,(anonymous_7)
FNDA:0,(anonymous_8)
FNDA:0,(anonymous_9)
FNDA:0,(anonymous_10)
FNDA:0,(anonymous_11)
FNDA:0,(anonymous_12)
FNDA:0,(anonymous_13)
FNDA:0,(anonymous_14)
FNDA:0,(anonymous_15)
FNDA:0,(anonymous_16)
DA:2,1
DA:3,1
DA:5,1
DA:6,0
DA:7,0
DA:8,0
DA:9,0
DA:10,0
DA:11,0
DA:13,0
DA:19,0
DA:22,0
DA:24,0
DA:25,0
DA:26,0
DA:27,0
DA:29,0
DA:32,0
DA:34,0
DA:37,0
DA:38,0
DA:43,1
DA:44,0
DA:45,0
DA:46,0
DA:49,0
DA:50,0
DA:55,1
DA:56,0
DA:57,0
DA:59,0
DA:61,0
DA:62,0
DA:64,0
DA:66,0
DA:69,0
DA:70,0
DA:75,1
DA:76,0
DA:77,0
DA:79,0
DA:81,0
DA:82,0
DA:85,0
DA:88,0
DA:89,0
DA:94,1
DA:95,0
DA:96,0
DA:97,0
DA:99,0
DA:100,0
DA:103,0
DA:106,0
DA:107,0
LF:55
LH:7
BRDA:13,0,0,0
BRDA:14,1,0,0
BRDA:14,1,1,0
BRDA:14,1,2,0
BRDA:14,1,3,0
BRDA:24,2,0,0
BRDA:26,3,0,0
BRDA:37,4,0,0
BRDA:49,5,0,0
BRDA:61,6,0,0
BRDA:69,7,0,0
BRDA:81,8,0,0
BRDA:88,9,0,0
BRDA:99,10,0,0
BRDA:106,11,0,0
BRF:15
BRH:0
end_of_record
TN:
SF:src\models\payer-type.model.ts
FN:27,(anonymous_2)
FN:27,(anonymous_3)
FNF:2
FNH:0
FNDA:0,(anonymous_2)
FNDA:0,(anonymous_3)
DA:1,1
DA:8,1
DA:11,1
DA:14,1
DA:17,1
DA:20,1
DA:25,1
DA:27,0
DA:28,1
LF:9
LH:8
BRF:0
BRH:0
end_of_record
TN:
SF:src\models\payer.model.ts
FN:33,(anonymous_2)
FN:33,(anonymous_3)
FNF:2
FNH:0
FNDA:0,(anonymous_2)
FNDA:0,(anonymous_3)
DA:1,1
DA:8,1
DA:11,1
DA:14,1
DA:17,1
DA:20,1
DA:23,1
DA:26,1
DA:31,1
DA:33,0
DA:34,1
LF:11
LH:10
BRF:0
BRH:0
end_of_record
TN:
SF:src\routes\payer-type.route.ts
FNF:0
FNH:0
DA:1,1
DA:2,1
DA:10,1
DA:12,1
DA:13,1
DA:14,1
DA:15,1
DA:16,1
DA:18,1
LF:9
LH:9
BRF:0
BRH:0
end_of_record
TN:
SF:src\routes\payer.route.ts
FNF:0
FNH:0
DA:1,1
DA:2,1
DA:10,1
DA:12,1
DA:13,1
DA:14,1
DA:15,1
DA:16,1
DA:18,1
LF:9
LH:9
BRF:0
BRH:0
end_of_record
